<?xml version="1.0" encoding="UTF-8"?>
<testng-results ignored="0" total="1" passed="1" failed="0" skipped="0">
  <reporter-output>
    <line>
      <![CDATA[device1]]>
    </line>
    <line>
      <![CDATA[device1]]>
    </line>
    <line>
      <![CDATA[device1]]>
    </line>
  </reporter-output>
  <suite started-at="2025-07-01T17:00:46 IST" name="Default suite" finished-at="2025-07-01T17:01:15 IST" duration-ms="28780">
    <groups>
    </groups>
    <test started-at="2025-07-01T17:00:46 IST" name="Default test" finished-at="2025-07-01T17:01:15 IST" duration-ms="28780">
      <class name="com.aina.mobile.android.test.insertstrip.InsertStripTest">
        <test-method is-config="true" signature="startEmulator()[pri:0, instance:com.aina.mobile.android.test.insertstrip.InsertStripTest@4982cc36]" started-at="2025-07-01T17:00:46 IST" name="startEmulator" finished-at="2025-07-01T17:00:46 IST" duration-ms="38" status="PASS">
          <reporter-output>
          </reporter-output>
        </test-method> <!-- startEmulator -->
        <test-method is-config="true" signature="driverDefinition(java.lang.String)[pri:0, instance:com.aina.mobile.android.test.insertstrip.InsertStripTest@4982cc36]" started-at="2025-07-01T17:00:46 IST" name="driverDefinition" finished-at="2025-07-01T17:01:01 IST" duration-ms="14205" status="PASS">
          <params>
            <param index="0">
              <value>
                <![CDATA[device1]]>
              </value>
            </param>
          </params>
          <reporter-output>
            <line>
              <![CDATA[device1]]>
            </line>
            <line>
              <![CDATA[device1]]>
            </line>
            <line>
              <![CDATA[device1]]>
            </line>
          </reporter-output>
        </test-method> <!-- driverDefinition -->
        <test-method is-config="true" signature="setup()[pri:0, instance:com.aina.mobile.android.test.insertstrip.InsertStripTest@4982cc36]" started-at="2025-07-01T17:01:01 IST" name="setup" finished-at="2025-07-01T17:01:01 IST" duration-ms="37" status="PASS">
          <reporter-output>
          </reporter-output>
        </test-method> <!-- setup -->
        <test-method signature="TC_001()[pri:0, instance:com.aina.mobile.android.test.insertstrip.InsertStripTest@4982cc36]" started-at="2025-07-01T17:01:01 IST" name="TC_001" description="connect the aina c mock device" finished-at="2025-07-01T17:01:15 IST" duration-ms="14474" status="PASS">
          <reporter-output>
          </reporter-output>
        </test-method> <!-- TC_001 -->
        <test-method is-config="true" signature="quitDriver()[pri:0, instance:com.aina.mobile.android.test.insertstrip.InsertStripTest@4982cc36]" started-at="2025-07-01T17:01:15 IST" name="quitDriver" finished-at="2025-07-01T17:01:15 IST" duration-ms="0" status="PASS">
          <reporter-output>
          </reporter-output>
        </test-method> <!-- quitDriver -->
      </class> <!-- com.aina.mobile.android.test.insertstrip.InsertStripTest -->
    </test> <!-- Default test -->
  </suite> <!-- Default suite -->
</testng-results>
